<?xml version="1.0" encoding="UTF-8"?>
<!-- Generated by org.testng.reporters.JUnitXMLReporter -->
<testsuite ignored="0" hostname="DESKTOP-KP638N2" failures="0" tests="4" name="Default test" time="64.881" errors="0" timestamp="2023-05-31T11:57:18 IST">
  <testcase classname="com.OrangeHRMApplicationWebPagesTests.OrangeHRMHomePageTest" name="validatingHomePageAdminTextTest" time="17.056"/>
  <testcase classname="com.OrangeHRMApplicationWebPagesTests.OrangeHRMHomePageTest" name="validatingHomePagePIMTextTest" time="9.906"/>
  <testcase classname="com.OrangeHRMApplicationWebPagesTests.OrangeHRMHomePageTest" name="validatingHomePageLeaveTextTest" time="9.465"/>
  <testcase classname="com.OrangeHRMApplicationWebPagesTests.OrangeHRMHomePageTest" name="validatingHomePageTimeTextTest" time="9.843"/>
</testsuite> <!-- Default test -->
