<?xml version="1.0" encoding="UTF-8"?>
<!-- Generated by org.testng.reporters.JUnitXMLReporter -->
<testsuite ignored="0" hostname="DESKTOP-KP638N2" failures="0" tests="8" name="AddEmployeeTest" time="82.786" errors="0" timestamp="2023-05-25T10:59:08 IST">
  <testcase classname="com.TestCases.LogInTest" name="oHRMApplicationLogInPageValidationTest" time="2.209"/>
  <testcase classname="com.TestCases.LogInTest" name="oHRMApplicationLogInPageLogInTest" time="11.436"/>
  <testcase classname="com.TestCases.AddEmployeeTest" name="oHRMApplicationHomePageValidation" time="0.194"/>
  <testcase classname="com.TestCases.AddEmployeeTest" name="oHRMApplicationHomePagePIMTest" time="0.501"/>
  <testcase classname="com.TestCases.AddEmployeeTest" name="oHRMApplicationHomePageAddEmployeeTest" time="2.538"/>
  <testcase classname="com.TestCases.AddEmployeeTest" name="oHRMApplicationHomePageAddEmployeeTextValidationTest" time="0.131"/>
  <testcase classname="com.TestCases.AddEmployeeTest" name="oHRMApplicationHomePageAddEmployeetValidationTest" time="58.731"/>
  <testcase classname="com.TestCases.LogInTest" name="oHRMApplicationHomePagelogOutTest" time="2.239"/>
</testsuite> <!-- AddEmployeeTest -->
