<?xml version="1.0" encoding="UTF-8"?>
<!-- Generated by org.testng.reporters.JUnitXMLReporter -->
<testsuite ignored="0" hostname="DESKTOP-KP638N2" failures="0" tests="6" name="EmployeeListTest" time="45.612" errors="0" timestamp="2023-05-25T10:58:31 IST">
  <testcase classname="com.TestCases.LogInTest" name="oHRMApplicationLogInPageValidationTest" time="2.019"/>
  <testcase classname="com.TestCases.LogInTest" name="oHRMApplicationLogInPageLogInTest" time="10.65"/>
  <testcase classname="com.TestCases.OHRM_CapturingEmployeeListTest" name="oHRMApplicationHomePagePIMTest" time="1.436"/>
  <testcase classname="com.TestCases.OHRM_CapturingEmployeeListTest" name="oHRMApplicationEmployeeListTest" time="2.555"/>
  <testcase classname="com.TestCases.OHRM_CapturingEmployeeListTest" name="oHRMApplicationHomePageCapturingEmployeeListTest" time="21.437"/>
  <testcase classname="com.TestCases.LogInTest" name="oHRMApplicationHomePagelogOutTest" time="2.594"/>
</testsuite> <!-- EmployeeListTest -->
