<?xml version="1.0" encoding="UTF-8"?>
<testng-results ignored="0" total="3" passed="3" failed="0" skipped="0">
  <reporter-output>
  </reporter-output>
  <suite started-at="2023-06-01T13:50:01 IST" name="Default suite" finished-at="2023-06-01T13:50:43 IST" duration-ms="41794">
    <groups>
    </groups>
    <test started-at="2023-06-01T13:50:01 IST" name="Default test" finished-at="2023-06-01T13:50:43 IST" duration-ms="41794">
      <class name="com.TestCases.LogInTest">
        <test-method is-config="true" signature="setUp()[pri:0, instance:com.TestCases.LogInTest@483f6d77]" started-at="2023-06-01T13:50:01 IST" name="setUp" finished-at="2023-06-01T13:50:19 IST" duration-ms="17323" status="PASS">
          <reporter-output>
          </reporter-output>
        </test-method> <!-- setUp -->
        <test-method signature="oHRMApplicationLogInPageValidationTest()[pri:0, instance:com.TestCases.LogInTest@483f6d77]" started-at="2023-06-01T13:50:19 IST" name="oHRMApplicationLogInPageValidationTest" description="LogIn Page Validation Test" finished-at="2023-06-01T13:50:20 IST" duration-ms="1604" status="PASS">
          <reporter-output>
          </reporter-output>
        </test-method> <!-- oHRMApplicationLogInPageValidationTest -->
        <test-method signature="oHRMApplicationLogInPageLogInTest()[pri:1, instance:com.TestCases.LogInTest@483f6d77]" started-at="2023-06-01T13:50:20 IST" name="oHRMApplicationLogInPageLogInTest" description="LogIn Test" finished-at="2023-06-01T13:50:41 IST" duration-ms="20211" status="PASS">
          <reporter-output>
          </reporter-output>
        </test-method> <!-- oHRMApplicationLogInPageLogInTest -->
        <test-method signature="oHRMApplicationHomePagelogOutTest()[pri:8, instance:com.TestCases.LogInTest@483f6d77]" started-at="2023-06-01T13:50:41 IST" name="oHRMApplicationHomePagelogOutTest" description="LogOut Test" finished-at="2023-06-01T13:50:43 IST" duration-ms="2392" status="PASS">
          <reporter-output>
          </reporter-output>
        </test-method> <!-- oHRMApplicationHomePagelogOutTest -->
        <test-method is-config="true" signature="tearDown()[pri:0, instance:com.TestCases.LogInTest@483f6d77]" started-at="2023-06-01T13:50:43 IST" name="tearDown" finished-at="2023-06-01T13:50:43 IST" duration-ms="151" status="PASS">
          <reporter-output>
          </reporter-output>
        </test-method> <!-- tearDown -->
      </class> <!-- com.TestCases.LogInTest -->
    </test> <!-- Default test -->
  </suite> <!-- Default suite -->
</testng-results>
