<?xml version="1.0" encoding="UTF-8"?>
<!-- Generated by org.testng.reporters.JUnitXMLReporter -->
<testsuite ignored="0" hostname="DESKTOP-KP638N2" failures="0" tests="3" name="Default test" time="41.794" errors="0" timestamp="2023-06-01T13:50:43 IST">
  <testcase classname="com.TestCases.LogInTest" name="oHRMApplicationLogInPageValidationTest" time="1.604"/>
  <testcase classname="com.TestCases.LogInTest" name="oHRMApplicationLogInPageLogInTest" time="20.211"/>
  <testcase classname="com.TestCases.LogInTest" name="oHRMApplicationHomePagelogOutTest" time="2.392"/>
</testsuite> <!-- Default test -->
